SLF4J: Failed to load class "org.slf4j.impl.StaticLoggerBinder".
SLF4J: Defaulting to no-operation (NOP) logger implementation
SLF4J: See http://www.slf4j.org/codes.html#StaticLoggerBinder for further details.
[03:48:46] [main/INFO]: [OptiFine] (Reflector) Field not found: World.tileEntitiesToBeRemoved
[03:48:46] [main/INFO]: [OptiFine] (Reflector) Class not present: net.minecraftforge.eventbus.api.Event$Result
[03:48:46] [main/INFO]: [OptiFine] (Reflector) Method not present: net.minecraftforge.common.extensions.IForgeBlockState.hasTileEntity
[03:48:46] [main/INFO]: [OptiFine] (Reflector) Class not present: net.minecraftforge.common.extensions.IForgeEntity
[03:48:46] [main/INFO]: [OptiFine] (Reflector) Class not present: net.minecraftforge.fml.CrashReportExtender
[03:48:46] [main/INFO]: [OptiFine] (Reflector) Method not present: net.minecraft.tags.ItemTags.createOptional
[03:48:48] [Render thread/INFO]: [OptiFine] (Reflector) Class not present: net.minecraftforge.client.ForgeHooksClient
[03:48:48] [Render thread/INFO]: Environment: authHost='https://authserver.mojang.com', accountsHost='https://api.mojang.com', sessionHost='https://sessionserver.mojang.com', servicesHost='https://api.minecraftservices.com', name='PROD'
[03:48:49] [Render thread/INFO]: Setting user: Player417
[03:48:49] [Render thread/INFO]: [OptiFine] (Reflector) Class not present: net.minecraftforge.client.settings.KeyConflictContext
[03:48:49] [Render thread/INFO]: [OptiFine] (Reflector) Class not present: net.minecraftforge.client.settings.KeyModifier
[03:48:49] [Render thread/INFO]: [OptiFine] (Reflector) Class not present: net.minecraft.launchwrapper.Launch
[03:48:49] [Render thread/INFO]: Backend library: LWJGL version 3.2.2 SNAPSHOT
[03:48:50] [Render thread/INFO]: [OptiFine] 
[03:48:50] [Render thread/INFO]: [OptiFine] OptiFine_1.16.5_HD_U_G8
[03:48:50] [Render thread/INFO]: [OptiFine] (Reflector) Class not present: optifine.OptiFineResourceLocator
[03:48:50] [Render thread/INFO]: [OptiFine] Build: null
[03:48:50] [Render thread/INFO]: [OptiFine] OS: Linux (amd64) version 5.15.0-117-generic
[03:48:50] [Render thread/INFO]: [OptiFine] Java: 1.8.0_382, Azul Systems, Inc.
[03:48:50] [Render thread/INFO]: [OptiFine] VM: OpenJDK 64-Bit Server VM (mixed mode), Azul Systems, Inc.
[03:48:50] [Render thread/INFO]: [OptiFine] LWJGL: 3.3.0 X11 GLX EGL OSMesa clock_gettime evdev shared
[03:48:50] [Render thread/INFO]: [OptiFine] OpenGL: llvmpipe (LLVM 15.0.7, 256 bits), version 4.5 (Compatibility Profile) Mesa 23.2.1-1ubuntu3.1~22.04.2, Mesa
[03:48:50] [Render thread/INFO]: [OptiFine] OpenGL Version: 4.5.0
[03:48:50] [Render thread/INFO]: [OptiFine] Maximum texture size: 16384x16384
[03:48:50] [VersionCheck/INFO]: [OptiFine] Checking for new version
[03:48:50] [Render thread/INFO]: [Shaders] OpenGL Version: 4.5 (Compatibility Profile) Mesa 23.2.1-1ubuntu3.1~22.04.2
[03:48:50] [Render thread/INFO]: [Shaders] Vendor:  Mesa
[03:48:50] [Render thread/INFO]: [Shaders] Renderer: llvmpipe (LLVM 15.0.7, 256 bits)
[03:48:50] [Render thread/INFO]: [Shaders] Capabilities:  2.0  2.1  3.0  3.2  4.0 
[03:48:50] [Render thread/INFO]: [Shaders] GL_MAX_DRAW_BUFFERS: 8
[03:48:50] [Render thread/INFO]: [Shaders] GL_MAX_COLOR_ATTACHMENTS_EXT: 8
[03:48:50] [Render thread/INFO]: [Shaders] GL_MAX_TEXTURE_IMAGE_UNITS: 32
[03:48:50] [Render thread/INFO]: [Shaders] Load shaders configuration.
[03:48:50] [Render thread/INFO]: [Shaders] Save shaders configuration.
[03:48:50] [Render thread/INFO]: [Shaders] No shaderpack loaded.
[03:48:50] [Render thread/INFO]: [OptiFine] (Reflector) Class not present: net.minecraftforge.fml.common.Loader
[03:48:50] [Render thread/INFO]: [OptiFine] (Reflector) Class not present: net.minecraftforge.client.ItemModelMesherForge
[03:48:51] [Render thread/INFO]: [OptiFine] (Reflector) Class not present: net.minecraftforge.client.model.pipeline.ForgeBlockModelRenderer
[03:48:51] [VersionCheck/INFO]: [OptiFine] Version found: G7
[03:48:51] [Render thread/WARN]: ERROR : Couldn't load Narrator library : Unable to load library 'fliteWrapper': Can't obtain InputStream for linux-x86-64/libfliteWrapper.so
[03:48:51] [Render thread/INFO]: [OptiFine] (Reflector) Class not present: net.minecraftforge.fml.client.gui.screen.ModListScreen
[03:48:51] [Render thread/INFO]: Reloading ResourceManager: Default
[03:48:51] [Render thread/INFO]: [OptiFine] *** Reloading textures ***
[03:48:51] [Render thread/INFO]: [OptiFine] Resource packs: Default
[03:48:51] [Render thread/INFO]: [OptiFine] (Reflector) Method not present: net.minecraft.client.renderer.RenderTypeLookup.canRenderInLayer
[03:48:51] [Render thread/INFO]: [OptiFine] *** Reflector Forge ***
[03:48:51] [Render thread/INFO]: [OptiFine] (Reflector) Class not present: mods.betterfoliage.client.BetterFoliageClient
[03:48:51] [Render thread/INFO]: [OptiFine] (Reflector) Class not present: net.minecraftforge.fml.BrandingControl
[03:48:51] [Render thread/INFO]: [OptiFine] (Reflector) Class not present: net.minecraftforge.common.capabilities.ICapabilityProvider
[03:48:51] [Render thread/INFO]: [OptiFine] (Reflector) Class not present: net.minecraftforge.common.capabilities.CapabilityProvider
[03:48:51] [Render thread/INFO]: [OptiFine] (Reflector) Class not present: net.minecraftforge.fml.client.ClientModLoader
[03:48:51] [Render thread/INFO]: [OptiFine] (Reflector) Class not present: net.minecraftforge.event.world.ChunkDataEvent$Save
[03:48:51] [Render thread/INFO]: [OptiFine] (Reflector) Class not present: net.minecraftforge.event.world.ChunkEvent$Load
[03:48:51] [Render thread/INFO]: [OptiFine] (Reflector) Class not present: net.minecraftforge.event.world.ChunkEvent$Unload
[03:48:51] [Render thread/INFO]: [OptiFine] (Reflector) Class not present: net.minecraftforge.fml.client.ClientHooks
[03:48:51] [Render thread/INFO]: [OptiFine] (Reflector) Class not present: net.minecraftforge.client.event.GuiScreenEvent$DrawScreenEvent$Pre
[03:48:51] [Render thread/INFO]: [OptiFine] (Reflector) Class not present: net.minecraftforge.client.event.GuiScreenEvent$DrawScreenEvent$Post
[03:48:51] [Render thread/INFO]: [OptiFine] (Reflector) Method not present: net.minecraftforge.fml.loading.progress.EarlyProgressVisualization.handOffWindow
[03:48:51] [Render thread/INFO]: [OptiFine] (Reflector) Class not present: net.minecraftforge.event.entity.EntityLeaveWorldEvent
[03:48:51] [Render thread/INFO]: [OptiFine] (Reflector) Class not present: net.minecraftforge.client.event.EntityViewRenderEvent$CameraSetup
[03:48:51] [Render thread/INFO]: [OptiFine] (Reflector) Class not present: net.minecraftforge.client.event.EntityViewRenderEvent$FogColors
[03:48:51] [Render thread/INFO]: [OptiFine] (Reflector) Class not present: net.minecraftforge.client.event.EntityViewRenderEvent$RenderFogEvent
[03:48:51] [Render thread/INFO]: [OptiFine] (Reflector) Class not present: net.minecraftforge.event.entity.EntityJoinWorldEvent
[03:48:51] [Render thread/INFO]: [OptiFine] (Reflector) Method not present: net.minecraftforge.eventbus.api.Event.isCanceled
[03:48:51] [Render thread/INFO]: [OptiFine] (Reflector) Method not present: net.minecraftforge.eventbus.api.Event.getResult
[03:48:51] [Render thread/INFO]: [OptiFine] (Reflector) Class not present: net.minecraftforge.eventbus.api.IEventBus
[03:48:51] [Render thread/INFO]: [OptiFine] (Reflector) Class not present: net.minecraftforge.common.extensions.IForgeBlock
[03:48:51] [Render thread/INFO]: [OptiFine] (Reflector) Method not present: net.minecraft.client.renderer.BlockModelShapes.getTexture
[03:48:51] [Render thread/INFO]: [OptiFine] (Reflector) Method not present: net.minecraftforge.common.extensions.IForgeBlockState.addDestroyEffects
[03:48:51] [Render thread/INFO]: [OptiFine] (Reflector) Method not present: net.minecraftforge.common.extensions.IForgeBlockState.addHitEffects
[03:48:51] [Render thread/INFO]: [OptiFine] (Reflector) Method not present: net.minecraftforge.common.extensions.IForgeBlockState.getLightValue
[03:48:51] [Render thread/INFO]: [OptiFine] (Reflector) Method not present: net.minecraftforge.common.extensions.IForgeBlockState.getSoundType
[03:48:51] [Render thread/INFO]: [OptiFine] (Reflector) Method not present: net.minecraftforge.common.extensions.IForgeBlockState.getStateAtViewpoint
[03:48:51] [Render thread/INFO]: [OptiFine] (Reflector) Method not present: net.minecraftforge.common.extensions.IForgeBlockState.isAir
[03:48:51] [Render thread/INFO]: [OptiFine] (Reflector) Method not present: net.minecraftforge.common.extensions.IForgeBlockState.shouldDisplayFluidOverlay
[03:48:51] [Render thread/INFO]: [OptiFine] (Reflector) Class not present: net.minecraftforge.common.extensions.IForgeFluid
[03:48:51] [Render thread/INFO]: [OptiFine] (Reflector) Class not present: net.minecraftforge.fluids.FluidAttributes
[03:48:51] [Render thread/INFO]: [OptiFine] (Reflector) Method not present: net.minecraft.entity.EntityType.getTags
[03:48:51] [Render thread/INFO]: [OptiFine] (Reflector) Class not present: net.minecraftforge.event.ForgeEventFactory
[03:48:51] [Render thread/INFO]: [OptiFine] (Reflector) Method not present: net.minecraft.fluid.Fluid.getTags
[03:48:51] [Render thread/INFO]: [OptiFine] (Reflector) Class not present: net.minecraftforge.common.ForgeHooks
[03:48:51] [Render thread/INFO]: [OptiFine] (Reflector) Class not present: net.minecraftforge.common.ForgeConfig
[03:48:51] [Render thread/INFO]: [OptiFine] (Reflector) Class not present: net.minecraftforge.common.ForgeConfig$Client
[03:48:51] [Render thread/INFO]: [OptiFine] (Reflector) Class not present: net.minecraftforge.common.ForgeConfigSpec
[03:48:51] [Render thread/INFO]: [OptiFine] (Reflector) Class not present: net.minecraftforge.common.ForgeConfigSpec$ConfigValue
[03:48:51] [Render thread/INFO]: [OptiFine] (Reflector) Method not present: net.minecraft.world.chunk.IChunk.getWorldForge
[03:48:51] [Render thread/INFO]: [OptiFine] (Reflector) Class not present: net.minecraftforge.common.extensions.IForgeItem
[03:48:51] [Render thread/INFO]: [OptiFine] (Reflector) Class not present: net.minecraftforge.common.extensions.IForgeItemStack
[03:48:51] [Render thread/INFO]: [OptiFine] (Reflector) Class not present: net.minecraftforge.fml.ForgeI18n
[03:48:51] [Render thread/INFO]: [OptiFine] (Reflector) Method not present: net.minecraft.client.settings.KeyBinding.setKeyConflictContext
[03:48:51] [Render thread/INFO]: [OptiFine] (Reflector) Method not present: net.minecraft.client.settings.KeyBinding.setKeyModifierAndCode
[03:48:51] [Render thread/INFO]: [OptiFine] (Reflector) Method not present: net.minecraft.client.settings.KeyBinding.getKeyModifier
[03:48:51] [Render thread/INFO]: [OptiFine] (Reflector) Class not present: net.minecraftforge.common.extensions.IForgeEffectInstance
[03:48:51] [Render thread/INFO]: [OptiFine] (Reflector) Class not present: net.minecraftforge.registries.ForgeRegistryEntry
[03:48:51] [Render thread/INFO]: [OptiFine] (Reflector) Method not present: net.minecraft.client.renderer.RenderTypeLookup.canRenderInLayer
[03:48:51] [Render thread/INFO]: [OptiFine] (Reflector) Constructor not present: net.minecraft.world.server.Ticket, params: class net.minecraft.world.server.TicketType, int, class java.lang.Object, boolean
[03:48:51] [Render thread/INFO]: [OptiFine] (Reflector) Method not present: net.minecraft.world.server.Ticket.isForceTicks
[03:48:51] [Render thread/INFO]: [OptiFine] (Reflector) Class not present: net.minecraftforge.common.extensions.IForgeTileEntity
[03:48:51] [Render thread/INFO]: [OptiFine] (Reflector) Method not present: net.minecraft.client.world.DimensionRenderInfo.getCloudRenderHandler
[03:48:51] [Render thread/INFO]: [OptiFine] (Reflector) Method not present: net.minecraft.client.world.DimensionRenderInfo.getSkyRenderHandler
[03:48:51] [Render thread/INFO]: [OptiFine] (Reflector) Method not present: net.minecraft.client.world.DimensionRenderInfo.getWeatherParticleRenderHandler
[03:48:51] [Render thread/INFO]: [OptiFine] (Reflector) Method not present: net.minecraft.client.world.DimensionRenderInfo.getWeatherRenderHandler
[03:48:51] [Render thread/INFO]: [OptiFine] (Reflector) Class not present: net.minecraftforge.client.IRenderHandler
[03:48:51] [Render thread/INFO]: [OptiFine] (Reflector) Class not present: net.minecraftforge.client.model.pipeline.LightUtil
[03:48:51] [Render thread/INFO]: [OptiFine] (Reflector) Class not present: net.minecraftforge.common.MinecraftForge
[03:48:51] [Render thread/INFO]: [OptiFine] (Reflector) Class not present: net.minecraftforge.client.MinecraftForgeClient
[03:48:51] [Render thread/INFO]: [OptiFine] (Reflector) Class not present: net.minecraftforge.fml.common.ModContainer
[03:48:51] [Render thread/INFO]: [OptiFine] (Reflector) Class not present: net.minecraftforge.client.model.ModelLoaderRegistry
[03:48:51] [Render thread/INFO]: [OptiFine] (Reflector) Class not present: net.minecraftforge.client.gui.NotificationModUpdateScreen
[03:48:51] [Render thread/INFO]: [OptiFine] (Reflector) Class not present: net.minecraftforge.entity.PartEntity
[03:48:51] [Render thread/INFO]: [OptiFine] (Reflector) Class not present: net.minecraftforge.event.entity.PlaySoundAtEntityEvent
[03:48:51] [Render thread/INFO]: [OptiFine] (Reflector) Class not present: net.minecraftforge.client.event.RenderBlockOverlayEvent$OverlayType
[03:48:51] [Render thread/INFO]: [OptiFine] (Reflector) Class not present: net.minecraftforge.fml.client.registry.RenderingRegistry
[03:48:51] [Render thread/INFO]: [OptiFine] (Reflector) Class not present: net.minecraftforge.client.event.RenderGameOverlayEvent$BossInfo
[03:48:51] [Render thread/INFO]: [OptiFine] (Reflector) Class not present: net.minecraftforge.client.event.RenderItemInFrameEvent
[03:48:51] [Render thread/INFO]: [OptiFine] (Reflector) Class not present: net.minecraftforge.client.event.RenderLivingEvent$Pre
[03:48:51] [Render thread/INFO]: [OptiFine] (Reflector) Class not present: net.minecraftforge.client.event.RenderLivingEvent$Post
[03:48:51] [Render thread/INFO]: [OptiFine] (Reflector) Class not present: net.minecraftforge.client.event.RenderNameplateEvent
[03:48:51] [Render thread/INFO]: [OptiFine] (Reflector) Class not present: net.minecraftforge.client.event.ScreenshotEvent
[03:48:51] [Render thread/INFO]: [OptiFine] (Reflector) Class not present: net.minecraftforge.fml.server.ServerLifecycleHooks
[03:48:51] [Render thread/INFO]: [OptiFine] (Reflector) Class not present: net.minecraftforge.event.world.WorldEvent$Load
[03:48:51] [Render thread/INFO]: [OptiFine] *** Reflector Vanilla ***
[03:48:51] [Worker-Main-8/INFO]: [OptiFine] Multitexture: false
[03:48:51] [Worker-Main-12/INFO]: [OptiFine] Multitexture: false
[03:48:51] [Worker-Main-14/INFO]: [OptiFine] Multitexture: false
[03:48:51] [Realms Notification Availability checker #1/INFO]: Could not authorize you against Realms server: Invalid session id
[03:48:52] [Worker-Main-11/INFO]: [OptiFine] Multitexture: false
[03:48:52] [Worker-Main-11/INFO]: [OptiFine] Mipmap levels: 4
[03:48:52] [Worker-Main-11/INFO]: [OptiFine] Multitexture: false
[03:48:53] [Worker-Main-11/INFO]: [OptiFine] Sprite size: 64
[03:48:53] [Worker-Main-11/INFO]: [OptiFine] Mipmap levels: 6
[03:48:53] [Worker-Main-11/INFO]: [OptiFine] Multitexture: false
[03:48:53] [Worker-Main-11/INFO]: [OptiFine] Sprite size: 64
[03:48:53] [Worker-Main-11/INFO]: [OptiFine] Mipmap levels: 6
[03:48:53] [Worker-Main-11/INFO]: [OptiFine] Multitexture: false
[03:48:53] [Worker-Main-11/INFO]: [OptiFine] Sprite size: 64
[03:48:53] [Worker-Main-11/INFO]: [OptiFine] Mipmap levels: 6
[03:48:53] [Worker-Main-11/INFO]: [OptiFine] Multitexture: false
[03:48:53] [Worker-Main-11/INFO]: [OptiFine] Sprite size: 64
[03:48:53] [Worker-Main-11/INFO]: [OptiFine] Mipmap levels: 6
[03:48:53] [Worker-Main-11/INFO]: [OptiFine] Multitexture: false
[03:48:53] [Worker-Main-11/INFO]: [OptiFine] Sprite size: 64
[03:48:53] [Worker-Main-11/INFO]: [OptiFine] Mipmap levels: 6
[03:48:53] [Worker-Main-11/INFO]: [OptiFine] Multitexture: false
[03:48:53] [Worker-Main-11/INFO]: [OptiFine] Sprite size: 64
[03:48:53] [Worker-Main-11/INFO]: [OptiFine] Mipmap levels: 6
AL lib: (EE) ALCplaybackOSS_open: Could not open /dev/dsp: No such file or directory
AL lib: (EE) ALCplaybackOSS_open: Could not open /dev/dsp: No such file or directory
AL lib: (EE) ALCplaybackOSS_open: Could not open /dev/dsp: No such file or directory
[03:48:53] [Render thread/ERROR]: Error starting SoundSystem. Turning off sounds & music
java.lang.IllegalStateException: Failed to open OpenAL device
	at net.minecraft.client.audio.SoundSystem.openDevice(SoundSystem.java:135) ~[mcprec-6.13.jar:?]
	at net.minecraft.client.audio.SoundSystem.init(SoundSystem.java:51) ~[mcprec-6.13.jar:?]
	at net.minecraft.client.audio.SoundEngine.load(SoundEngine.java:83) ~[mcprec-6.13.jar:?]
	at net.minecraft.client.audio.SoundEngine.reload(SoundEngine.java:77) ~[mcprec-6.13.jar:?]
	at net.minecraft.client.audio.SoundHandler.apply(SoundHandler.java:110) ~[mcprec-6.13.jar:?]
	at net.minecraft.client.audio.SoundHandler.apply(SoundHandler.java:34) ~[mcprec-6.13.jar:?]
	at net.minecraft.client.resources.ReloadListener.lambda$reload$1(ReloadListener.java:17) ~[mcprec-6.13.jar:?]
	at java.util.concurrent.CompletableFuture.uniAccept(CompletableFuture.java:670) ~[?:1.8.0_382]
	at java.util.concurrent.CompletableFuture$UniAccept.tryFire(CompletableFuture.java:646) ~[?:1.8.0_382]
	at java.util.concurrent.CompletableFuture$Completion.run(CompletableFuture.java:456) ~[?:1.8.0_382]
	at net.minecraft.resources.AsyncReloader.lambda$null$3(AsyncReloader.java:71) ~[mcprec-6.13.jar:?]
	at net.minecraft.util.concurrent.ThreadTaskExecutor.execute(ThreadTaskExecutor.java:92) ~[mcprec-6.13.jar:?]
	at net.minecraft.resources.AsyncReloader.lambda$new$4(AsyncReloader.java:70) ~[mcprec-6.13.jar:?]
	at java.util.concurrent.CompletableFuture$UniCompletion.claim(CompletableFuture.java:543) ~[?:1.8.0_382]
	at java.util.concurrent.CompletableFuture.uniAccept(CompletableFuture.java:667) ~[?:1.8.0_382]
	at java.util.concurrent.CompletableFuture$UniAccept.tryFire(CompletableFuture.java:646) ~[?:1.8.0_382]
	at java.util.concurrent.CompletableFuture.postComplete(CompletableFuture.java:488) ~[?:1.8.0_382]
	at java.util.concurrent.CompletableFuture.postFire(CompletableFuture.java:575) ~[?:1.8.0_382]
	at java.util.concurrent.CompletableFuture$UniAccept.tryFire(CompletableFuture.java:649) ~[?:1.8.0_382]
	at java.util.concurrent.CompletableFuture$Completion.run(CompletableFuture.java:456) ~[?:1.8.0_382]
	at com.mojang.blaze3d.systems.RenderSystem.replayQueue(RenderSystem.java:101) [mcprec-6.13.jar:?]
	at com.mojang.blaze3d.systems.RenderSystem.flipFrame(RenderSystem.java:90) [mcprec-6.13.jar:?]
	at net.minecraft.client.MainWindow.flipFrame(MainWindow.java:356) [mcprec-6.13.jar:?]
	at net.minecraft.client.Minecraft.runGameLoop(Minecraft.java:1021) [mcprec-6.13.jar:?]
	at net.minecraft.client.Minecraft.run(Minecraft.java:608) [mcprec-6.13.jar:?]
	at net.minecraft.client.main.Main.main(Main.java:196) [mcprec-6.13.jar:?]
[03:48:53] [Render thread/INFO]: Created: 1024x512x4 minecraft:textures/atlas/blocks.png-atlas
[03:48:53] [Render thread/WARN]: [OptiFine] Missing CTM sprite: minecraft:optifine/ctm/default/empty
[03:48:53] [Render thread/INFO]: [OptiFine] Animated sprites: 43
[03:48:53] [Render thread/INFO]: Created: 256x128x4 minecraft:textures/atlas/signs.png-atlas
[03:48:53] [Render thread/INFO]: [OptiFine] Animated sprites: 0
[03:48:53] [Render thread/INFO]: Created: 512x512x4 minecraft:textures/atlas/banner_patterns.png-atlas
[03:48:53] [Render thread/INFO]: [OptiFine] Animated sprites: 0
[03:48:53] [Render thread/INFO]: Created: 512x512x4 minecraft:textures/atlas/shield_patterns.png-atlas
[03:48:53] [Render thread/INFO]: [OptiFine] Animated sprites: 0
[03:48:53] [Render thread/INFO]: Created: 256x256x4 minecraft:textures/atlas/chest.png-atlas
[03:48:53] [Render thread/INFO]: [OptiFine] Animated sprites: 0
[03:48:53] [Render thread/INFO]: Created: 512x256x4 minecraft:textures/atlas/beds.png-atlas
[03:48:53] [Render thread/INFO]: [OptiFine] Animated sprites: 0
[03:48:53] [Render thread/INFO]: Created: 512x256x4 minecraft:textures/atlas/shulker_boxes.png-atlas
[03:48:53] [Render thread/INFO]: [OptiFine] Animated sprites: 0
[03:48:53] [Render thread/INFO]: Created: 256x256x0 minecraft:textures/atlas/particles.png-atlas
[03:48:53] [Render thread/INFO]: [OptiFine] Animated sprites: 0
[03:48:53] [Render thread/INFO]: Created: 256x256x0 minecraft:textures/atlas/paintings.png-atlas
[03:48:53] [Render thread/INFO]: [OptiFine] Animated sprites: 0
[03:48:53] [Render thread/INFO]: Created: 128x128x0 minecraft:textures/atlas/mob_effects.png-atlas
[03:48:53] [Render thread/INFO]: [OptiFine] Animated sprites: 0
[03:48:53] [Render thread/INFO]: [OptiFine] *** Reloading custom textures ***
[03:48:54] [Render thread/INFO]: [OptiFine] Disable Forge light pipeline
[03:48:55] [Thread-5/INFO]: [STDOUT]: ***** Start MalmoEnvServer on port 12467
[03:48:55] [Thread-5/INFO]: [STDOUT]: CLIENT enter state: DORMANT
[03:48:55] [Thread-5/INFO]: [STDOUT]: SERVER enter state: DORMANT
[03:48:55] [EnvServerSocketHandler/INFO]: Received Mission token e8aa8f51-567b-492a-a408-9bd497057def:0:0:1:true
[03:48:55] [EnvServerSocketHandler/INFO]: Received mission init command  <MissionInit xmlns="http://ProjectMalmo.microsoft.com" xmlns:xsi="http://www.w3.org/2001/XMLSchema-instance" SchemaVersion="" PlatformVersion="0.37.0"><Mission><About><Summary>MineRLHumanSurvival-v0</Summary></About><ModSettings><MsPerTick>50</MsPerTick></ModSettings><ServerSection><ServerInitialConditions><Time><AllowPassageOfTime>true</AllowPassageOfTime></Time><AllowSpawning>true</AllowSpawning></ServerInitialConditions><ServerHandlers><DefaultWorldGenerator forceReset="true" generatorOptions="{}"/><ServerQuitWhenAnyAgentFinishes/></ServerHandlers></ServerSection><AgentSection mode="Survival"><Name>MineRLAgent0</Name><AgentStart><LowLevelInputs>true</LowLevelInputs><GuiScale>1.0</GuiScale><GammaSetting>2.0</GammaSetting><FOVSetting>70.0</FOVSetting><FakeCursorSize>16</FakeCursorSize><Inventory/><PreferredSpawnBiome>plains</PreferredSpawnBiome></AgentStart><AgentHandlers><FileBasedPerformanceProducer/><PauseCommand/><VideoProducer want_depth="false"><Width>640</Width><Height>360</Height></VideoProducer><ObservationFromFullInventory flat="false"/><ObservationFromEquippedItem/><ObservationFromFullStats/><ObservationFromFullStats/><HumanLevelCommands/><CameraCommands/><ChatCommands/><IsGuiOpen/></AgentHandlers></AgentSection></Mission><ExperimentUID>e8aa8f51-567b-492a-a408-9bd497057def</ExperimentUID><ClientRole>0</ClientRole><ClientAgentConnection><ClientIPAddress>127.0.0.1</ClientIPAddress><ClientMissionControlPort>0</ClientMissionControlPort><ClientCommandsPort>0</ClientCommandsPort><AgentIPAddress>127.0.0.1</AgentIPAddress><AgentMissionControlPort>0</AgentMissionControlPort><AgentVideoPort>0</AgentVideoPort><AgentDepthPort>0</AgentDepthPort><AgentLuminancePort>0</AgentLuminancePort><AgentObservationsPort>0</AgentObservationsPort><AgentRewardsPort>0</AgentRewardsPort><AgentColourMapPort>0</AgentColourMapPort></ClientAgentConnection></MissionInit>
[03:48:55] [EnvServerSocketHandler/INFO]: [STDOUT]: Setting width, height to 640, 360
[03:48:55] [EnvServerSocketHandler/INFO]: [STDOUT]: Gamma: 2.0
[03:48:55] [EnvServerSocketHandler/INFO]: [STDOUT]: FOV: 70.0
[03:48:55] [EnvServerSocketHandler/INFO]: [STDOUT]: GuiScale: 1.0
[03:48:55] [Render thread/INFO]: [STDOUT]: Seed not provided, generating random one: -4055547983375467841
[03:48:56] [Render thread/WARN]: Ambiguity between arguments [teleport, destination] and [teleport, targets] with inputs: [Player, 0123, @e, dd12be42-52a9-4a91-a8a1-11c01849e498]
[03:48:56] [Render thread/WARN]: Ambiguity between arguments [teleport, location] and [teleport, destination] with inputs: [0.1 -0.5 .9, 0 0 0]
[03:48:56] [Render thread/WARN]: Ambiguity between arguments [teleport, location] and [teleport, targets] with inputs: [0.1 -0.5 .9, 0 0 0]
[03:48:56] [Render thread/WARN]: Ambiguity between arguments [teleport, targets] and [teleport, destination] with inputs: [Player, 0123, dd12be42-52a9-4a91-a8a1-11c01849e498]
[03:48:56] [Render thread/WARN]: Ambiguity between arguments [teleport, targets, location] and [teleport, targets, destination] with inputs: [0.1 -0.5 .9, 0 0 0]
[03:48:56] [Render thread/INFO]: Reloading ResourceManager: Default
[03:48:56] [Render thread/INFO]: Loaded 7 recipes
[03:48:56] [Render thread/INFO]: Loaded 927 advancements
[03:48:57] [Render thread/INFO]: Environment: authHost='https://authserver.mojang.com', accountsHost='https://api.mojang.com', sessionHost='https://sessionserver.mojang.com', servicesHost='https://api.minecraftservices.com', name='PROD'
[03:48:57] [Render thread/INFO]: Starting integrated minecraft server version 1.16.5
[03:48:57] [Render thread/INFO]: Generating keypair
[03:49:05] [Render thread/INFO]: Preparing start region for dimension minecraft:overworld
[03:49:19] [Render thread/INFO]: Changing view distance to 7, from 10
[03:49:19] [Render thread/INFO]: MineRLAgent0[local:E:16010d37] logged in with entity id 268 at (1160.5, 63.0, 3357.5)
[03:49:19] [Render thread/INFO]: MineRLAgent0 joined the game
[03:49:19] [Render thread/INFO]: [STDOUT]: *** creating fake mouse cursor ***
[03:49:19] [Render thread/INFO]: Preparing spawn area: 0%
[03:49:19] [Render thread/INFO]: Time elapsed: 6 ms
[03:49:20] [Render thread/INFO]: [STDOUT]: Starting new video null
[03:49:20] [Render thread/INFO]: Saving and pausing game...
[03:49:20] [Render thread/INFO]: Saving chunks for level 'ServerLevel[mcpworld13fc908104f9]'/minecraft:overworld
[03:49:20] [Render thread/INFO]: Saving chunks for level 'ServerLevel[mcpworld13fc908104f9]'/minecraft:the_nether
[03:49:20] [Render thread/INFO]: Saving chunks for level 'ServerLevel[mcpworld13fc908104f9]'/minecraft:the_end
[03:49:21] [Render thread/WARN]: Failed to load texture: minecraft:optifine/ctm/default/empty.png
java.io.FileNotFoundException: minecraft:optifine/ctm/default/empty.png
	at net.minecraft.resources.FallbackResourceManager.getResource(FallbackResourceManager.java:66) ~[mcprec-6.13.jar:?]
	at net.minecraft.resources.SimpleReloadableResourceManager.getResource(SimpleReloadableResourceManager.java:63) ~[mcprec-6.13.jar:?]
	at net.minecraft.client.renderer.texture.SimpleTexture$TextureData.getTextureData(SimpleTexture.java:96) ~[mcprec-6.13.jar:?]
	at net.minecraft.client.renderer.texture.SimpleTexture.getTextureData(SimpleTexture.java:72) ~[mcprec-6.13.jar:?]
	at net.minecraft.client.renderer.texture.SimpleTexture.loadTexture(SimpleTexture.java:32) ~[mcprec-6.13.jar:?]
	at net.minecraft.client.renderer.texture.DownloadingTexture.lambda$loadTexture$2(DownloadingTexture.java:95) ~[mcprec-6.13.jar:?]
	at net.minecraft.util.concurrent.ThreadTaskExecutor.run(ThreadTaskExecutor.java:150) [mcprec-6.13.jar:?]
	at net.minecraft.util.concurrent.RecursiveEventLoop.run(RecursiveEventLoop.java:22) [mcprec-6.13.jar:?]
	at net.minecraft.util.concurrent.ThreadTaskExecutor.driveOne(ThreadTaskExecutor.java:124) [mcprec-6.13.jar:?]
	at net.minecraft.util.concurrent.ThreadTaskExecutor.drainTasks(ThreadTaskExecutor.java:107) [mcprec-6.13.jar:?]
	at net.minecraft.client.Minecraft.runGameLoop(Minecraft.java:960) [mcprec-6.13.jar:?]
	at net.minecraft.client.Minecraft.run(Minecraft.java:608) [mcprec-6.13.jar:?]
	at net.minecraft.client.main.Main.main(Main.java:196) [mcprec-6.13.jar:?]
[03:49:21] [Render thread/INFO]: Loaded 0 advancements
[03:49:24] [Render thread/INFO]: [MineRLAgent0: Summoned new Sheep]
[03:49:24] [Render thread/INFO]: [CHAT] Summoned new Sheep
[03:49:24] [Render thread/INFO]: [MineRLAgent0: Summoned new Sheep]
[03:49:24] [Render thread/INFO]: [CHAT] Summoned new Sheep
[03:49:24] [Render thread/INFO]: [MineRLAgent0: Summoned new Sheep]
[03:49:24] [Render thread/INFO]: [CHAT] Summoned new Sheep
[03:49:24] [Render thread/INFO]: [MineRLAgent0: Summoned new Sheep]
[03:49:24] [Render thread/INFO]: [CHAT] Summoned new Sheep
[03:49:24] [Render thread/INFO]: [MineRLAgent0: Summoned new Sheep]
[03:49:24] [Render thread/INFO]: [CHAT] Summoned new Sheep
[03:49:24] [Render thread/INFO]: [MineRLAgent0: Summoned new Sheep]
[03:49:24] [Render thread/INFO]: [CHAT] Summoned new Sheep
[03:49:24] [Render thread/INFO]: [MineRLAgent0: Summoned new Sheep]
[03:49:24] [Render thread/INFO]: [CHAT] Summoned new Sheep
[03:49:24] [Render thread/INFO]: [MineRLAgent0: Summoned new Sheep]
[03:49:24] [Render thread/INFO]: [CHAT] Summoned new Sheep
[03:49:24] [Render thread/INFO]: [MineRLAgent0: Summoned new Sheep]
[03:49:24] [Render thread/INFO]: [CHAT] Summoned new Sheep
[03:49:24] [Render thread/INFO]: [MineRLAgent0: Summoned new Sheep]
[03:49:24] [Render thread/INFO]: [CHAT] Summoned new Sheep
[03:49:24] [Render thread/INFO]: [MineRLAgent0: Summoned new Sheep]
[03:49:24] [Render thread/INFO]: [CHAT] Summoned new Sheep
[03:49:24] [Render thread/INFO]: [MineRLAgent0: Summoned new Sheep]
[03:49:24] [Render thread/INFO]: [CHAT] Summoned new Sheep
[03:49:24] [Render thread/INFO]: [MineRLAgent0: Summoned new Sheep]
[03:49:24] [Render thread/INFO]: [CHAT] Summoned new Sheep
[03:49:24] [Render thread/INFO]: [MineRLAgent0: Summoned new Sheep]
[03:49:24] [Render thread/INFO]: [CHAT] Summoned new Sheep
[03:49:24] [Render thread/INFO]: [MineRLAgent0: Summoned new Sheep]
[03:49:24] [Render thread/INFO]: [CHAT] Summoned new Sheep
[03:49:24] [Render thread/INFO]: [MineRLAgent0: Summoned new Sheep]
[03:49:24] [Render thread/INFO]: [CHAT] Summoned new Sheep
[03:49:24] [Worker-Cape-20/ERROR]: Couldn't download http texture: java.net.SocketTimeoutException: connect timed out
[03:49:24] [Render thread/INFO]: [MineRLAgent0: Summoned new Sheep]
[03:49:25] [Render thread/INFO]: [CHAT] Summoned new Sheep
[03:49:25] [Render thread/INFO]: [MineRLAgent0: Summoned new Sheep]
[03:49:25] [Render thread/INFO]: [CHAT] Summoned new Sheep
[03:49:25] [Render thread/INFO]: [MineRLAgent0: Summoned new Sheep]
[03:49:25] [Render thread/INFO]: [CHAT] Summoned new Sheep
[03:49:25] [Render thread/INFO]: [MineRLAgent0: Summoned new Sheep]
[03:49:25] [Render thread/INFO]: [CHAT] Summoned new Sheep
[03:49:25] [Render thread/INFO]: [MineRLAgent0: Summoned new Sheep]
[03:49:25] [Render thread/INFO]: [CHAT] Summoned new Sheep
[03:49:25] [Render thread/INFO]: [MineRLAgent0: Summoned new Sheep]
[03:49:25] [Render thread/INFO]: [CHAT] Summoned new Sheep
[03:49:25] [Render thread/INFO]: [MineRLAgent0: Summoned new Sheep]
[03:49:25] [Render thread/INFO]: [CHAT] Summoned new Sheep
[03:49:25] [Render thread/INFO]: [MineRLAgent0: Summoned new Sheep]
[03:49:25] [Render thread/INFO]: [CHAT] Summoned new Sheep
[03:49:25] [Render thread/INFO]: [MineRLAgent0: Summoned new Sheep]
[03:49:25] [Render thread/INFO]: [CHAT] Summoned new Sheep
[03:49:25] [Render thread/INFO]: [MineRLAgent0: Summoned new Sheep]
[03:49:25] [Render thread/INFO]: [CHAT] Summoned new Sheep
[03:49:25] [Render thread/INFO]: [MineRLAgent0: Summoned new Sheep]
[03:49:25] [Render thread/INFO]: [CHAT] Summoned new Sheep
[03:49:25] [Render thread/INFO]: [MineRLAgent0: Summoned new Sheep]
[03:49:25] [Render thread/INFO]: [CHAT] Summoned new Sheep
[03:49:25] [Render thread/INFO]: [MineRLAgent0: Summoned new Sheep]
[03:49:25] [Render thread/INFO]: [CHAT] Summoned new Sheep
[03:49:25] [Render thread/INFO]: [MineRLAgent0: Summoned new Sheep]
[03:49:25] [Render thread/INFO]: [CHAT] Summoned new Sheep
[03:49:25] [Render thread/INFO]: [MineRLAgent0: Summoned new Sheep]
[03:49:25] [Render thread/INFO]: [CHAT] Summoned new Sheep
[03:49:25] [Render thread/INFO]: [MineRLAgent0: Summoned new Sheep]
[03:49:25] [Render thread/INFO]: [CHAT] Summoned new Sheep
[03:49:25] [Render thread/INFO]: [MineRLAgent0: Summoned new Sheep]
[03:49:25] [Render thread/INFO]: [CHAT] Summoned new Sheep
[03:49:25] [Render thread/INFO]: [MineRLAgent0: Summoned new Sheep]
[03:49:25] [Render thread/INFO]: [CHAT] Summoned new Sheep
[03:49:25] [Render thread/INFO]: [MineRLAgent0: Summoned new Sheep]
[03:49:25] [Render thread/INFO]: [CHAT] Summoned new Sheep
[03:49:25] [Render thread/INFO]: [MineRLAgent0: Summoned new Sheep]
[03:49:25] [Render thread/INFO]: [CHAT] Summoned new Sheep
[03:49:25] [Render thread/INFO]: [MineRLAgent0: Summoned new Sheep]
[03:49:25] [Render thread/INFO]: [CHAT] Summoned new Sheep
[03:49:25] [Render thread/INFO]: [MineRLAgent0: Summoned new Sheep]
[03:49:25] [Render thread/INFO]: [CHAT] Summoned new Sheep
[03:49:25] [Render thread/INFO]: [MineRLAgent0: Summoned new Sheep]
[03:49:26] [Render thread/INFO]: [CHAT] Summoned new Sheep
[03:49:26] [Render thread/INFO]: [MineRLAgent0: Summoned new Sheep]
[03:49:26] [Render thread/INFO]: [CHAT] Summoned new Sheep
[03:49:26] [Render thread/INFO]: [MineRLAgent0: Summoned new Sheep]
[03:49:26] [Render thread/INFO]: [CHAT] Summoned new Sheep
[03:49:26] [Render thread/INFO]: [MineRLAgent0: Summoned new Sheep]
[03:49:26] [Render thread/INFO]: [CHAT] Summoned new Sheep
[03:49:26] [Render thread/INFO]: [MineRLAgent0: Summoned new Sheep]
[03:49:26] [Render thread/INFO]: [CHAT] Summoned new Sheep
[03:49:26] [Render thread/INFO]: [MineRLAgent0: Summoned new Sheep]
[03:49:26] [Render thread/INFO]: [CHAT] Summoned new Sheep
[03:49:26] [Render thread/INFO]: [MineRLAgent0: Summoned new Sheep]
[03:49:26] [Render thread/INFO]: [CHAT] Summoned new Sheep
[03:49:26] [Render thread/INFO]: [MineRLAgent0: Summoned new Sheep]
[03:49:26] [Render thread/INFO]: [CHAT] Summoned new Sheep
[03:49:26] [Render thread/INFO]: [MineRLAgent0: Summoned new Sheep]
[03:49:26] [Render thread/INFO]: [CHAT] Summoned new Sheep
[03:49:26] [Render thread/INFO]: [MineRLAgent0: Summoned new Sheep]
[03:49:26] [Render thread/INFO]: [CHAT] Summoned new Sheep
[03:49:26] [Render thread/INFO]: [MineRLAgent0: Summoned new Sheep]
[03:49:26] [Render thread/INFO]: [CHAT] Summoned new Sheep
[03:49:26] [Render thread/INFO]: [MineRLAgent0: Summoned new Sheep]
[03:49:26] [Render thread/INFO]: [CHAT] Summoned new Sheep
[03:49:27] [Render thread/INFO]: [MineRLAgent0: Gave 1 [Bow] to MineRLAgent0]
[03:49:27] [Render thread/INFO]: [CHAT] Gave 1 [Bow] to MineRLAgent0
[03:49:27] [Render thread/INFO]: [MineRLAgent0: Gave 64 [Arrow] to MineRLAgent0]
[03:49:27] [Render thread/INFO]: Loaded 2 advancements
[03:49:27] [Render thread/INFO]: [CHAT] Gave 64 [Arrow] to MineRLAgent0
[03:49:27] [Render thread/INFO]: [MineRLAgent0: Gave 64 [Arrow] to MineRLAgent0]
[03:49:27] [Render thread/INFO]: [CHAT] Gave 64 [Arrow] to MineRLAgent0
[03:50:13] [Render thread/INFO]: MineRLAgent0 fell out of the world
[03:50:13] [Render thread/INFO]: [MineRLAgent0: Killed MineRLAgent0]
[03:50:13] [Render thread/INFO]: [CHAT] MineRLAgent0 fell out of the world
[03:50:13] [Render thread/INFO]: [CHAT] Killed MineRLAgent0
[03:50:13] [Render thread/INFO]: [MineRLAgent0: Set the time to 0]
[03:50:13] [Render thread/INFO]: [CHAT] Set the time to 0
[03:50:13] [Render thread/INFO]: [MineRLAgent0: Set the weather to clear]
[03:50:13] [Render thread/INFO]: [CHAT] Set the weather to clear
[03:50:13] [Render thread/INFO]: Villager VillagerEntity['Villager'/38, l='ServerLevel[mcpworld13fc908104f9]', x=1095.42, y=69.00, z=3411.70] died, message: 'Villager fell out of the world'
[03:50:13] [Render thread/INFO]: Villager VillagerEntity['Villager'/39, l='ServerLevel[mcpworld13fc908104f9]', x=1130.10, y=67.00, z=3394.50] died, message: 'Villager fell out of the world'
[03:50:13] [Render thread/INFO]: Villager VillagerEntity['Villager'/40, l='ServerLevel[mcpworld13fc908104f9]', x=1103.55, y=64.00, z=3409.23] died, message: 'Villager fell out of the world'
[03:50:13] [Render thread/INFO]: Villager VillagerEntity['Villager'/49, l='ServerLevel[mcpworld13fc908104f9]', x=1108.21, y=64.00, z=3414.75] died, message: 'Villager fell out of the world'
[03:50:13] [Render thread/INFO]: Villager VillagerEntity['Nitwit'/50, l='ServerLevel[mcpworld13fc908104f9]', x=1147.50, y=65.00, z=3416.50] died, message: 'Nitwit fell out of the world'
[03:50:13] [Render thread/INFO]: Villager VillagerEntity['Villager'/53, l='ServerLevel[mcpworld13fc908104f9]', x=1091.51, y=66.56, z=3401.13] died, message: 'Villager fell out of the world'
[03:50:13] [Render thread/INFO]: Villager VillagerEntity['Villager'/54, l='ServerLevel[mcpworld13fc908104f9]', x=1118.50, y=64.00, z=3379.50] died, message: 'Villager fell out of the world'
[03:50:13] [Render thread/INFO]: Villager VillagerEntity['Villager'/56, l='ServerLevel[mcpworld13fc908104f9]', x=1127.70, y=64.00, z=3413.73] died, message: 'Villager fell out of the world'
[03:50:13] [Render thread/INFO]: Villager VillagerEntity['Villager'/57, l='ServerLevel[mcpworld13fc908104f9]', x=1150.50, y=67.00, z=3428.50] died, message: 'Villager fell out of the world'
[03:50:13] [Render thread/INFO]: Villager VillagerEntity['Villager'/90, l='ServerLevel[mcpworld13fc908104f9]', x=1084.83, y=64.00, z=3393.43] died, message: 'Villager fell out of the world'
[03:50:13] [Render thread/INFO]: Villager VillagerEntity['Farmer'/94, l='ServerLevel[mcpworld13fc908104f9]', x=1109.11, y=64.00, z=3414.19] died, message: 'Farmer fell out of the world'
[03:50:13] [Render thread/INFO]: Villager VillagerEntity['Nitwit'/108, l='ServerLevel[mcpworld13fc908104f9]', x=1145.28, y=67.00, z=3446.37] died, message: 'Nitwit fell out of the world'
[03:50:13] [Render thread/INFO]: [MineRLAgent0: Killed 297 entities]
[03:50:13] [Render thread/INFO]: Villager VillagerEntity['Villager'/38, l='ClientLevel', x=1095.42, y=68.14, z=3411.43] died, message: 'Villager died'
[03:50:13] [Render thread/INFO]: Villager VillagerEntity['Villager'/39, l='ClientLevel', x=1130.10, y=67.00, z=3394.50] died, message: 'Villager died'
[03:50:13] [Render thread/INFO]: Villager VillagerEntity['Villager'/40, l='ClientLevel', x=1103.55, y=64.00, z=3409.23] died, message: 'Villager died'
[03:50:13] [Render thread/INFO]: Villager VillagerEntity['Villager'/49, l='ClientLevel', x=1108.21, y=64.00, z=3414.75] died, message: 'Villager died'
[03:50:13] [Render thread/INFO]: Villager VillagerEntity['Nitwit'/50, l='ClientLevel', x=1149.50, y=65.57, z=3416.50] died, message: 'Nitwit died'
[03:50:13] [Render thread/INFO]: Villager VillagerEntity['Villager'/53, l='ClientLevel', x=1091.51, y=66.56, z=3401.13] died, message: 'Villager died'
[03:50:13] [Render thread/INFO]: Villager VillagerEntity['Villager'/54, l='ClientLevel', x=1118.50, y=64.56, z=3380.50] died, message: 'Villager died'
[03:50:13] [Render thread/INFO]: Villager VillagerEntity['Villager'/56, l='ClientLevel', x=1127.29, y=64.00, z=3414.01] died, message: 'Villager died'
[03:50:13] [Render thread/INFO]: Villager VillagerEntity['Villager'/57, l='ClientLevel', x=1149.50, y=67.69, z=3428.50] died, message: 'Villager died'
[03:50:13] [Render thread/INFO]: Villager VillagerEntity['Villager'/90, l='ClientLevel', x=1084.83, y=64.00, z=3393.43] died, message: 'Villager died'
[03:50:13] [Render thread/INFO]: Villager VillagerEntity['Farmer'/94, l='ClientLevel', x=1109.11, y=64.00, z=3414.19] died, message: 'Farmer died'
[03:50:13] [Render thread/INFO]: Villager VillagerEntity['Nitwit'/108, l='ClientLevel', x=1145.28, y=67.00, z=3446.37] died, message: 'Nitwit died'
[03:50:13] [Render thread/INFO]: [CHAT] Killed 297 entities
[03:50:13] [Render thread/INFO]: [MineRLAgent0: Killed 470 entities]
[03:50:13] [Render thread/INFO]: [CHAT] Killed 470 entities
[03:50:14] [Render thread/INFO]: [STDOUT]: Starting new video null
[03:50:14] [Render thread/WARN]: Failed to load texture: minecraft:optifine/ctm/default/empty.png
java.io.FileNotFoundException: minecraft:optifine/ctm/default/empty.png
	at net.minecraft.resources.FallbackResourceManager.getResource(FallbackResourceManager.java:66) ~[mcprec-6.13.jar:?]
	at net.minecraft.resources.SimpleReloadableResourceManager.getResource(SimpleReloadableResourceManager.java:63) ~[mcprec-6.13.jar:?]
	at net.minecraft.client.renderer.texture.SimpleTexture$TextureData.getTextureData(SimpleTexture.java:96) ~[mcprec-6.13.jar:?]
	at net.minecraft.client.renderer.texture.SimpleTexture.getTextureData(SimpleTexture.java:72) ~[mcprec-6.13.jar:?]
	at net.minecraft.client.renderer.texture.SimpleTexture.loadTexture(SimpleTexture.java:32) ~[mcprec-6.13.jar:?]
	at net.minecraft.client.renderer.texture.DownloadingTexture.lambda$loadTexture$2(DownloadingTexture.java:95) ~[mcprec-6.13.jar:?]
	at net.minecraft.util.concurrent.ThreadTaskExecutor.run(ThreadTaskExecutor.java:150) [mcprec-6.13.jar:?]
	at net.minecraft.util.concurrent.RecursiveEventLoop.run(RecursiveEventLoop.java:22) [mcprec-6.13.jar:?]
	at net.minecraft.util.concurrent.ThreadTaskExecutor.driveOne(ThreadTaskExecutor.java:124) [mcprec-6.13.jar:?]
	at net.minecraft.util.concurrent.ThreadTaskExecutor.drainTasks(ThreadTaskExecutor.java:107) [mcprec-6.13.jar:?]
	at net.minecraft.client.Minecraft.runGameLoop(Minecraft.java:960) [mcprec-6.13.jar:?]
	at net.minecraft.client.Minecraft.run(Minecraft.java:608) [mcprec-6.13.jar:?]
	at net.minecraft.client.main.Main.main(Main.java:196) [mcprec-6.13.jar:?]
[03:50:19] [Worker-Cape-21/ERROR]: Couldn't download http texture: java.net.SocketTimeoutException: connect timed out
